{"/home/labber/week8/scheduler/src/components/Application.js": {"path":"/home/labber/week8/scheduler/src/components/Application.js","statementMap":{"0":{"start":{"line":22,"column":6},"end":{"line":22,"column":26}},"1":{"start":{"line":24,"column":23},"end":{"line":24,"column":62}},"2":{"start":{"line":26,"column":23},"end":{"line":39,"column":3}},"3":{"start":{"line":28,"column":6},"end":{"line":37,"column":8}},"4":{"start":{"line":41,"column":2},"end":{"line":64,"column":4}}},"fnMap":{"0":{"name":"Application","decl":{"start":{"line":16,"column":24},"end":{"line":16,"column":35}},"loc":{"start":{"line":16,"column":43},"end":{"line":65,"column":1}},"line":16},"1":{"name":"(anonymous_1)","decl":{"start":{"line":27,"column":4},"end":{"line":27,"column":5}},"loc":{"start":{"line":27,"column":19},"end":{"line":38,"column":5}},"line":27}},"branchMap":{},"s":{"0":15,"1":15,"2":15,"3":18,"4":15},"f":{"0":15,"1":18},"b":{},"_coverageSchema":"43e27e138ebf9cfc5966b082cf9a028302ed4184","hash":"2efa19403d00e01bd0ad2b12864715f5f274bab4"}
,"/home/labber/week8/scheduler/src/components/Button.js": {"path":"/home/labber/week8/scheduler/src/components/Button.js","statementMap":{"0":{"start":{"line":8,"column":22},"end":{"line":11,"column":4}},"1":{"start":{"line":13,"column":2},"end":{"line":21,"column":4}}},"fnMap":{"0":{"name":"Button","decl":{"start":{"line":7,"column":24},"end":{"line":7,"column":30}},"loc":{"start":{"line":7,"column":38},"end":{"line":22,"column":1}},"line":7}},"branchMap":{},"s":{"0":48,"1":48},"f":{"0":48},"b":{},"_coverageSchema":"43e27e138ebf9cfc5966b082cf9a028302ed4184","hash":"cb9d58509d56809e5c1349b168c1413237b761e1"}
,"/home/labber/week8/scheduler/src/components/DayList.js": {"path":"/home/labber/week8/scheduler/src/components/DayList.js","statementMap":{"0":{"start":{"line":6,"column":15},"end":{"line":16,"column":4}},"1":{"start":{"line":7,"column":4},"end":{"line":15,"column":6}},"2":{"start":{"line":18,"column":2},"end":{"line":18,"column":25}}},"fnMap":{"0":{"name":"DayList","decl":{"start":{"line":5,"column":24},"end":{"line":5,"column":31}},"loc":{"start":{"line":5,"column":39},"end":{"line":19,"column":1}},"line":5},"1":{"name":"(anonymous_1)","decl":{"start":{"line":6,"column":30},"end":{"line":6,"column":31}},"loc":{"start":{"line":6,"column":37},"end":{"line":16,"column":3}},"line":6}},"branchMap":{},"s":{"0":15,"1":18,"2":15},"f":{"0":15,"1":18},"b":{},"_coverageSchema":"43e27e138ebf9cfc5966b082cf9a028302ed4184","hash":"970a939ba5507954d7c15ab14d15c2a27047d1bb"}
,"/home/labber/week8/scheduler/src/components/DayListItem.js": {"path":"/home/labber/week8/scheduler/src/components/DayListItem.js","statementMap":{"0":{"start":{"line":7,"column":2},"end":{"line":7,"column":48}},"1":{"start":{"line":7,"column":20},"end":{"line":7,"column":48}},"2":{"start":{"line":8,"column":2},"end":{"line":8,"column":46}},"3":{"start":{"line":8,"column":20},"end":{"line":8,"column":46}},"4":{"start":{"line":10,"column":2},"end":{"line":10,"column":37}},"5":{"start":{"line":14,"column":19},"end":{"line":17,"column":4}},"6":{"start":{"line":19,"column":2},"end":{"line":28,"column":4}},"7":{"start":{"line":22,"column":21},"end":{"line":22,"column":45}}},"fnMap":{"0":{"name":"formatSpots","decl":{"start":{"line":6,"column":16},"end":{"line":6,"column":27}},"loc":{"start":{"line":6,"column":36},"end":{"line":11,"column":1}},"line":6},"1":{"name":"DayListItem","decl":{"start":{"line":13,"column":24},"end":{"line":13,"column":35}},"loc":{"start":{"line":13,"column":43},"end":{"line":29,"column":1}},"line":13},"2":{"name":"(anonymous_2)","decl":{"start":{"line":22,"column":15},"end":{"line":22,"column":16}},"loc":{"start":{"line":22,"column":21},"end":{"line":22,"column":45}},"line":22}},"branchMap":{"0":{"loc":{"start":{"line":7,"column":2},"end":{"line":7,"column":48}},"type":"if","locations":[{"start":{"line":7,"column":2},"end":{"line":7,"column":48}},{"start":{"line":7,"column":2},"end":{"line":7,"column":48}}],"line":7},"1":{"loc":{"start":{"line":8,"column":2},"end":{"line":8,"column":46}},"type":"if","locations":[{"start":{"line":8,"column":2},"end":{"line":8,"column":46}},{"start":{"line":8,"column":2},"end":{"line":8,"column":46}}],"line":8}},"s":{"0":22,"1":7,"2":15,"3":13,"4":2,"5":22,"6":22,"7":1},"f":{"0":22,"1":22,"2":1},"b":{"0":[7,15],"1":[13,2]},"_coverageSchema":"43e27e138ebf9cfc5966b082cf9a028302ed4184","hash":"d2b01c401d648199bb73d0ef9b9e81da3d0d077d"}
,"/home/labber/week8/scheduler/src/components/InterviewerList.js": {"path":"/home/labber/week8/scheduler/src/components/InterviewerList.js","statementMap":{"0":{"start":{"line":6,"column":0},"end":{"line":8,"column":2}},"1":{"start":{"line":11,"column":23},"end":{"line":22,"column":4}},"2":{"start":{"line":12,"column":4},"end":{"line":21,"column":6}},"3":{"start":{"line":19,"column":30},"end":{"line":19,"column":60}},"4":{"start":{"line":24,"column":2},"end":{"line":29,"column":4}}},"fnMap":{"0":{"name":"InterviewerList","decl":{"start":{"line":10,"column":9},"end":{"line":10,"column":24}},"loc":{"start":{"line":10,"column":32},"end":{"line":30,"column":1}},"line":10},"1":{"name":"(anonymous_1)","decl":{"start":{"line":11,"column":46},"end":{"line":11,"column":47}},"loc":{"start":{"line":11,"column":61},"end":{"line":22,"column":3}},"line":11},"2":{"name":"(anonymous_2)","decl":{"start":{"line":19,"column":24},"end":{"line":19,"column":25}},"loc":{"start":{"line":19,"column":30},"end":{"line":19,"column":60}},"line":19}},"branchMap":{},"s":{"0":2,"1":22,"2":29,"3":3,"4":22},"f":{"0":22,"1":29,"2":3},"b":{},"_coverageSchema":"43e27e138ebf9cfc5966b082cf9a028302ed4184","hash":"e350a66f6b848a5502700a9a274e7017bc093c0b"}
,"/home/labber/week8/scheduler/src/components/InterviewerListItem.js": {"path":"/home/labber/week8/scheduler/src/components/InterviewerListItem.js","statementMap":{"0":{"start":{"line":7,"column":20},"end":{"line":9,"column":4}},"1":{"start":{"line":11,"column":2},"end":{"line":20,"column":4}}},"fnMap":{"0":{"name":"InterviewerItem","decl":{"start":{"line":6,"column":24},"end":{"line":6,"column":39}},"loc":{"start":{"line":6,"column":47},"end":{"line":21,"column":1}},"line":6}},"branchMap":{"0":{"loc":{"start":{"line":18,"column":7},"end":{"line":18,"column":35}},"type":"binary-expr","locations":[{"start":{"line":18,"column":7},"end":{"line":18,"column":21}},{"start":{"line":18,"column":25},"end":{"line":18,"column":35}}],"line":18}},"s":{"0":29,"1":29},"f":{"0":29},"b":{"0":[29,5]},"_coverageSchema":"43e27e138ebf9cfc5966b082cf9a028302ed4184","hash":"439c9ed405b2a95e4d7fe234683d1ec16b67368c"}
,"/home/labber/week8/scheduler/src/components/Appointment/Confirm.js": {"path":"/home/labber/week8/scheduler/src/components/Appointment/Confirm.js","statementMap":{"0":{"start":{"line":6,"column":2},"end":{"line":18,"column":4}}},"fnMap":{"0":{"name":"Confirm","decl":{"start":{"line":5,"column":24},"end":{"line":5,"column":31}},"loc":{"start":{"line":5,"column":39},"end":{"line":19,"column":1}},"line":5}},"branchMap":{},"s":{"0":2},"f":{"0":2},"b":{},"_coverageSchema":"43e27e138ebf9cfc5966b082cf9a028302ed4184","hash":"c48abdaaa41d41997f9a75015b9bd63f4771e229"}
,"/home/labber/week8/scheduler/src/components/Appointment/Empty.js": {"path":"/home/labber/week8/scheduler/src/components/Appointment/Empty.js","statementMap":{"0":{"start":{"line":5,"column":2},"end":{"line":14,"column":4}}},"fnMap":{"0":{"name":"Empty","decl":{"start":{"line":4,"column":24},"end":{"line":4,"column":29}},"loc":{"start":{"line":4,"column":37},"end":{"line":15,"column":1}},"line":4}},"branchMap":{},"s":{"0":23},"f":{"0":23},"b":{},"_coverageSchema":"43e27e138ebf9cfc5966b082cf9a028302ed4184","hash":"fd8d9508360d3fd381842387996e6a021011a68a"}
,"/home/labber/week8/scheduler/src/components/Appointment/Error.js": {"path":"/home/labber/week8/scheduler/src/components/Appointment/Error.js","statementMap":{"0":{"start":{"line":5,"column":2},"end":{"line":18,"column":4}}},"fnMap":{"0":{"name":"Error","decl":{"start":{"line":4,"column":24},"end":{"line":4,"column":29}},"loc":{"start":{"line":4,"column":37},"end":{"line":19,"column":1}},"line":4}},"branchMap":{},"s":{"0":1},"f":{"0":1},"b":{},"_coverageSchema":"43e27e138ebf9cfc5966b082cf9a028302ed4184","hash":"e6bad9cff8e3e88a6cae2f80357108855ed6e06d"}
,"/home/labber/week8/scheduler/src/components/Appointment/Form.js": {"path":"/home/labber/week8/scheduler/src/components/Appointment/Form.js","statementMap":{"0":{"start":{"line":7,"column":32},"end":{"line":7,"column":61}},"1":{"start":{"line":8,"column":40},"end":{"line":8,"column":75}},"2":{"start":{"line":9,"column":28},"end":{"line":9,"column":40}},"3":{"start":{"line":12,"column":4},"end":{"line":12,"column":19}},"4":{"start":{"line":13,"column":4},"end":{"line":13,"column":17}},"5":{"start":{"line":14,"column":4},"end":{"line":14,"column":25}},"6":{"start":{"line":18,"column":4},"end":{"line":18,"column":12}},"7":{"start":{"line":19,"column":4},"end":{"line":19,"column":21}},"8":{"start":{"line":22,"column":19},"end":{"line":30,"column":3}},"9":{"start":{"line":23,"column":4},"end":{"line":26,"column":5}},"10":{"start":{"line":24,"column":6},"end":{"line":24,"column":47}},"11":{"start":{"line":25,"column":6},"end":{"line":25,"column":13}},"12":{"start":{"line":28,"column":4},"end":{"line":28,"column":17}},"13":{"start":{"line":29,"column":4},"end":{"line":29,"column":52}},"14":{"start":{"line":33,"column":2},"end":{"line":35,"column":37}},"15":{"start":{"line":37,"column":2},"end":{"line":71,"column":4}},"16":{"start":{"line":40,"column":52},"end":{"line":40,"column":74}},"17":{"start":{"line":47,"column":29},"end":{"line":47,"column":55}},"18":{"start":{"line":64,"column":27},"end":{"line":64,"column":70}}},"fnMap":{"0":{"name":"Form","decl":{"start":{"line":6,"column":24},"end":{"line":6,"column":28}},"loc":{"start":{"line":6,"column":36},"end":{"line":72,"column":1}},"line":6},"1":{"name":"reset","decl":{"start":{"line":11,"column":11},"end":{"line":11,"column":16}},"loc":{"start":{"line":11,"column":19},"end":{"line":15,"column":3}},"line":11},"2":{"name":"cancel","decl":{"start":{"line":17,"column":11},"end":{"line":17,"column":17}},"loc":{"start":{"line":17,"column":20},"end":{"line":20,"column":3}},"line":17},"3":{"name":"(anonymous_3)","decl":{"start":{"line":22,"column":19},"end":{"line":22,"column":20}},"loc":{"start":{"line":22,"column":63},"end":{"line":30,"column":3}},"line":22},"4":{"name":"(anonymous_4)","decl":{"start":{"line":40,"column":43},"end":{"line":40,"column":44}},"loc":{"start":{"line":40,"column":52},"end":{"line":40,"column":74}},"line":40},"5":{"name":"(anonymous_5)","decl":{"start":{"line":47,"column":22},"end":{"line":47,"column":23}},"loc":{"start":{"line":47,"column":29},"end":{"line":47,"column":55}},"line":47},"6":{"name":"(anonymous_6)","decl":{"start":{"line":64,"column":21},"end":{"line":64,"column":22}},"loc":{"start":{"line":64,"column":27},"end":{"line":64,"column":70}},"line":64}},"branchMap":{"0":{"loc":{"start":{"line":7,"column":41},"end":{"line":7,"column":60}},"type":"binary-expr","locations":[{"start":{"line":7,"column":41},"end":{"line":7,"column":54}},{"start":{"line":7,"column":58},"end":{"line":7,"column":60}}],"line":7},"1":{"loc":{"start":{"line":8,"column":49},"end":{"line":8,"column":74}},"type":"binary-expr","locations":[{"start":{"line":8,"column":49},"end":{"line":8,"column":66}},{"start":{"line":8,"column":70},"end":{"line":8,"column":74}}],"line":8},"2":{"loc":{"start":{"line":23,"column":4},"end":{"line":26,"column":5}},"type":"if","locations":[{"start":{"line":23,"column":4},"end":{"line":26,"column":5}},{"start":{"line":23,"column":4},"end":{"line":26,"column":5}}],"line":23},"3":{"loc":{"start":{"line":33,"column":2},"end":{"line":35,"column":36}},"type":"cond-expr","locations":[{"start":{"line":34,"column":7},"end":{"line":34,"column":38}},{"start":{"line":35,"column":7},"end":{"line":35,"column":35}}],"line":33},"4":{"loc":{"start":{"line":45,"column":25},"end":{"line":45,"column":65}},"type":"cond-expr","locations":[{"start":{"line":45,"column":35},"end":{"line":45,"column":42}},{"start":{"line":45,"column":45},"end":{"line":45,"column":65}}],"line":45}},"s":{"0":23,"1":23,"2":23,"3":1,"4":1,"5":1,"6":1,"7":1,"8":23,"9":9,"10":3,"11":3,"12":6,"13":6,"14":23,"15":23,"16":0,"17":4,"18":9},"f":{"0":23,"1":1,"2":1,"3":9,"4":0,"5":4,"6":9},"b":{"0":[23,17],"1":[23,19],"2":[3,6],"3":[6,17],"4":[13,10]},"_coverageSchema":"43e27e138ebf9cfc5966b082cf9a028302ed4184","hash":"5dd40298830e8d8814ec21bca742c086e043ef59"}
,"/home/labber/week8/scheduler/src/components/Appointment/Header.js": {"path":"/home/labber/week8/scheduler/src/components/Appointment/Header.js","statementMap":{"0":{"start":{"line":5,"column":2},"end":{"line":10,"column":4}}},"fnMap":{"0":{"name":"Header","decl":{"start":{"line":4,"column":24},"end":{"line":4,"column":30}},"loc":{"start":{"line":4,"column":38},"end":{"line":11,"column":1}},"line":4}},"branchMap":{},"s":{"0":0},"f":{"0":0},"b":{},"hash":"d90c1a4bc69c1c5ffdd52c1e9b8f4189fc1be77d"}
,"/home/labber/week8/scheduler/src/components/Appointment/Show.js": {"path":"/home/labber/week8/scheduler/src/components/Appointment/Show.js","statementMap":{"0":{"start":{"line":5,"column":2},"end":{"line":33,"column":4}}},"fnMap":{"0":{"name":"Show","decl":{"start":{"line":4,"column":24},"end":{"line":4,"column":28}},"loc":{"start":{"line":4,"column":36},"end":{"line":34,"column":1}},"line":4}},"branchMap":{"0":{"loc":{"start":{"line":12,"column":13},"end":{"line":12,"column":56}},"type":"binary-expr","locations":[{"start":{"line":12,"column":13},"end":{"line":12,"column":30}},{"start":{"line":12,"column":34},"end":{"line":12,"column":56}}],"line":12}},"s":{"0":12},"f":{"0":12},"b":{"0":[12,12]},"_coverageSchema":"43e27e138ebf9cfc5966b082cf9a028302ed4184","hash":"8d039b39f3773299808c52058187f0d0aa70694c"}
,"/home/labber/week8/scheduler/src/components/Appointment/Status.js": {"path":"/home/labber/week8/scheduler/src/components/Appointment/Status.js","statementMap":{"0":{"start":{"line":5,"column":2},"end":{"line":14,"column":4}}},"fnMap":{"0":{"name":"Status","decl":{"start":{"line":4,"column":24},"end":{"line":4,"column":30}},"loc":{"start":{"line":4,"column":38},"end":{"line":15,"column":1}},"line":4}},"branchMap":{},"s":{"0":7},"f":{"0":7},"b":{},"_coverageSchema":"43e27e138ebf9cfc5966b082cf9a028302ed4184","hash":"94134b9e2e0be0695d0f86eefc58329cc308ba4a"}
,"/home/labber/week8/scheduler/src/components/Appointment/index.js": {"path":"/home/labber/week8/scheduler/src/components/Appointment/index.js","statementMap":{"0":{"start":{"line":12,"column":14},"end":{"line":12,"column":21}},"1":{"start":{"line":13,"column":13},"end":{"line":13,"column":19}},"2":{"start":{"line":14,"column":15},"end":{"line":14,"column":23}},"3":{"start":{"line":15,"column":15},"end":{"line":15,"column":23}},"4":{"start":{"line":16,"column":17},"end":{"line":16,"column":27}},"5":{"start":{"line":17,"column":16},"end":{"line":17,"column":25}},"6":{"start":{"line":18,"column":13},"end":{"line":18,"column":19}},"7":{"start":{"line":19,"column":19},"end":{"line":19,"column":31}},"8":{"start":{"line":20,"column":21},"end":{"line":20,"column":35}},"9":{"start":{"line":24,"column":21},"end":{"line":29,"column":3}},"10":{"start":{"line":25,"column":4},"end":{"line":27,"column":5}},"11":{"start":{"line":26,"column":6},"end":{"line":26,"column":29}},"12":{"start":{"line":28,"column":4},"end":{"line":28,"column":29}},"13":{"start":{"line":31,"column":37},"end":{"line":33,"column":3}},"14":{"start":{"line":35,"column":24},"end":{"line":47,"column":3}},"15":{"start":{"line":36,"column":22},"end":{"line":39,"column":5}},"16":{"start":{"line":40,"column":4},"end":{"line":40,"column":23}},"17":{"start":{"line":41,"column":4},"end":{"line":46,"column":49}},"18":{"start":{"line":44,"column":8},"end":{"line":44,"column":25}},"19":{"start":{"line":46,"column":19},"end":{"line":46,"column":47}},"20":{"start":{"line":49,"column":26},"end":{"line":57,"column":3}},"21":{"start":{"line":50,"column":4},"end":{"line":50,"column":31}},"22":{"start":{"line":51,"column":4},"end":{"line":56,"column":51}},"23":{"start":{"line":54,"column":8},"end":{"line":54,"column":26}},"24":{"start":{"line":56,"column":19},"end":{"line":56,"column":49}},"25":{"start":{"line":59,"column":17},"end":{"line":61,"column":3}},"26":{"start":{"line":60,"column":4},"end":{"line":60,"column":11}},"27":{"start":{"line":64,"column":2},"end":{"line":109,"column":4}},"28":{"start":{"line":68,"column":70},"end":{"line":68,"column":76}},"29":{"start":{"line":71,"column":68},"end":{"line":71,"column":74}},"30":{"start":{"line":82,"column":45},"end":{"line":82,"column":63}},"31":{"start":{"line":87,"column":33},"end":{"line":87,"column":52}},"32":{"start":{"line":88,"column":31},"end":{"line":88,"column":47}},"33":{"start":{"line":95,"column":26},"end":{"line":95,"column":34}},"34":{"start":{"line":104,"column":26},"end":{"line":104,"column":34}}},"fnMap":{"0":{"name":"Appointment","decl":{"start":{"line":23,"column":24},"end":{"line":23,"column":35}},"loc":{"start":{"line":23,"column":43},"end":{"line":110,"column":1}},"line":23},"1":{"name":"(anonymous_1)","decl":{"start":{"line":24,"column":21},"end":{"line":24,"column":22}},"loc":{"start":{"line":24,"column":32},"end":{"line":29,"column":3}},"line":24},"2":{"name":"(anonymous_2)","decl":{"start":{"line":35,"column":24},"end":{"line":35,"column":25}},"loc":{"start":{"line":35,"column":60},"end":{"line":47,"column":3}},"line":35},"3":{"name":"(anonymous_3)","decl":{"start":{"line":43,"column":12},"end":{"line":43,"column":13}},"loc":{"start":{"line":43,"column":18},"end":{"line":45,"column":7}},"line":43},"4":{"name":"(anonymous_4)","decl":{"start":{"line":46,"column":13},"end":{"line":46,"column":14}},"loc":{"start":{"line":46,"column":19},"end":{"line":46,"column":47}},"line":46},"5":{"name":"(anonymous_5)","decl":{"start":{"line":49,"column":26},"end":{"line":49,"column":27}},"loc":{"start":{"line":49,"column":32},"end":{"line":57,"column":3}},"line":49},"6":{"name":"(anonymous_6)","decl":{"start":{"line":53,"column":12},"end":{"line":53,"column":13}},"loc":{"start":{"line":53,"column":18},"end":{"line":55,"column":7}},"line":53},"7":{"name":"(anonymous_7)","decl":{"start":{"line":56,"column":13},"end":{"line":56,"column":14}},"loc":{"start":{"line":56,"column":19},"end":{"line":56,"column":49}},"line":56},"8":{"name":"(anonymous_8)","decl":{"start":{"line":59,"column":17},"end":{"line":59,"column":18}},"loc":{"start":{"line":59,"column":23},"end":{"line":61,"column":3}},"line":59},"9":{"name":"(anonymous_9)","decl":{"start":{"line":68,"column":64},"end":{"line":68,"column":65}},"loc":{"start":{"line":68,"column":70},"end":{"line":68,"column":76}},"line":68},"10":{"name":"(anonymous_10)","decl":{"start":{"line":71,"column":62},"end":{"line":71,"column":63}},"loc":{"start":{"line":71,"column":68},"end":{"line":71,"column":74}},"line":71},"11":{"name":"(anonymous_11)","decl":{"start":{"line":82,"column":39},"end":{"line":82,"column":40}},"loc":{"start":{"line":82,"column":45},"end":{"line":82,"column":63}},"line":82},"12":{"name":"(anonymous_12)","decl":{"start":{"line":87,"column":27},"end":{"line":87,"column":28}},"loc":{"start":{"line":87,"column":33},"end":{"line":87,"column":52}},"line":87},"13":{"name":"(anonymous_13)","decl":{"start":{"line":88,"column":25},"end":{"line":88,"column":26}},"loc":{"start":{"line":88,"column":31},"end":{"line":88,"column":47}},"line":88},"14":{"name":"(anonymous_14)","decl":{"start":{"line":95,"column":20},"end":{"line":95,"column":21}},"loc":{"start":{"line":95,"column":26},"end":{"line":95,"column":34}},"line":95},"15":{"name":"(anonymous_15)","decl":{"start":{"line":104,"column":20},"end":{"line":104,"column":21}},"loc":{"start":{"line":104,"column":26},"end":{"line":104,"column":34}},"line":104}},"branchMap":{"0":{"loc":{"start":{"line":25,"column":4},"end":{"line":27,"column":5}},"type":"if","locations":[{"start":{"line":25,"column":4},"end":{"line":27,"column":5}},{"start":{"line":25,"column":4},"end":{"line":27,"column":5}}],"line":25},"1":{"loc":{"start":{"line":32,"column":4},"end":{"line":32,"column":34}},"type":"cond-expr","locations":[{"start":{"line":32,"column":22},"end":{"line":32,"column":26}},{"start":{"line":32,"column":29},"end":{"line":32,"column":34}}],"line":32},"2":{"loc":{"start":{"line":67,"column":7},"end":{"line":69,"column":7}},"type":"binary-expr","locations":[{"start":{"line":67,"column":7},"end":{"line":67,"column":28}},{"start":{"line":68,"column":8},"end":{"line":68,"column":80}}],"line":67},"3":{"loc":{"start":{"line":70,"column":7},"end":{"line":72,"column":7}},"type":"binary-expr","locations":[{"start":{"line":70,"column":7},"end":{"line":70,"column":26}},{"start":{"line":71,"column":8},"end":{"line":71,"column":78}}],"line":70},"4":{"loc":{"start":{"line":73,"column":7},"end":{"line":73,"column":53}},"type":"binary-expr","locations":[{"start":{"line":73,"column":7},"end":{"line":73,"column":22}},{"start":{"line":73,"column":26},"end":{"line":73,"column":53}}],"line":73},"5":{"loc":{"start":{"line":74,"column":7},"end":{"line":74,"column":57}},"type":"binary-expr","locations":[{"start":{"line":74,"column":7},"end":{"line":74,"column":24}},{"start":{"line":74,"column":28},"end":{"line":74,"column":57}}],"line":74},"6":{"loc":{"start":{"line":75,"column":7},"end":{"line":81,"column":7}},"type":"binary-expr","locations":[{"start":{"line":75,"column":7},"end":{"line":75,"column":23}},{"start":{"line":76,"column":8},"end":{"line":80,"column":10}}],"line":75},"7":{"loc":{"start":{"line":82,"column":7},"end":{"line":82,"column":67}},"type":"binary-expr","locations":[{"start":{"line":82,"column":7},"end":{"line":82,"column":21}},{"start":{"line":82,"column":25},"end":{"line":82,"column":67}}],"line":82},"8":{"loc":{"start":{"line":83,"column":7},"end":{"line":90,"column":7}},"type":"binary-expr","locations":[{"start":{"line":83,"column":7},"end":{"line":83,"column":20}},{"start":{"line":84,"column":8},"end":{"line":89,"column":10}}],"line":83},"9":{"loc":{"start":{"line":91,"column":7},"end":{"line":98,"column":7}},"type":"binary-expr","locations":[{"start":{"line":91,"column":7},"end":{"line":91,"column":22}},{"start":{"line":92,"column":8},"end":{"line":97,"column":10}}],"line":91},"10":{"loc":{"start":{"line":99,"column":7},"end":{"line":107,"column":7}},"type":"binary-expr","locations":[{"start":{"line":99,"column":7},"end":{"line":99,"column":20}},{"start":{"line":100,"column":8},"end":{"line":106,"column":10}}],"line":99}},"s":{"0":1,"1":1,"2":1,"3":1,"4":1,"5":1,"6":1,"7":1,"8":1,"9":48,"10":48,"11":48,"12":0,"13":48,"14":48,"15":3,"16":3,"17":3,"18":2,"19":1,"20":48,"21":2,"22":2,"23":0,"24":0,"25":48,"26":0,"27":48,"28":0,"29":0,"30":1,"31":2,"32":2,"33":0,"34":0},"f":{"0":48,"1":48,"2":3,"3":2,"4":1,"5":2,"6":0,"7":0,"8":0,"9":0,"10":0,"11":1,"12":2,"13":2,"14":0,"15":0},"b":{"0":[48,0],"1":[23,25],"2":[48,0],"3":[48,1],"4":[48,5],"5":[48,2],"6":[48,2],"7":[48,23],"8":[48,12],"9":[48,1],"10":[48,2]},"_coverageSchema":"43e27e138ebf9cfc5966b082cf9a028302ed4184","hash":"cdb8b8a531d118eb4238f8b80e679af3fa402f01"}
,"/home/labber/week8/scheduler/src/helpers/selectors.js": {"path":"/home/labber/week8/scheduler/src/helpers/selectors.js","statementMap":{"0":{"start":{"line":2,"column":16},"end":{"line":2,"column":52}},"1":{"start":{"line":2,"column":37},"end":{"line":2,"column":51}},"2":{"start":{"line":4,"column":2},"end":{"line":4,"column":64}},"3":{"start":{"line":4,"column":54},"end":{"line":4,"column":64}},"4":{"start":{"line":6,"column":2},"end":{"line":6,"column":62}},"5":{"start":{"line":6,"column":38},"end":{"line":6,"column":60}},"6":{"start":{"line":10,"column":16},"end":{"line":10,"column":52}},"7":{"start":{"line":10,"column":37},"end":{"line":10,"column":51}},"8":{"start":{"line":12,"column":2},"end":{"line":12,"column":64}},"9":{"start":{"line":12,"column":54},"end":{"line":12,"column":64}},"10":{"start":{"line":14,"column":2},"end":{"line":14,"column":62}},"11":{"start":{"line":14,"column":38},"end":{"line":14,"column":60}},"12":{"start":{"line":18,"column":2},"end":{"line":23,"column":4}}},"fnMap":{"0":{"name":"getAppointmentsForDay","decl":{"start":{"line":1,"column":16},"end":{"line":1,"column":37}},"loc":{"start":{"line":1,"column":50},"end":{"line":7,"column":1}},"line":1},"1":{"name":"(anonymous_1)","decl":{"start":{"line":2,"column":32},"end":{"line":2,"column":33}},"loc":{"start":{"line":2,"column":37},"end":{"line":2,"column":51}},"line":2},"2":{"name":"(anonymous_2)","decl":{"start":{"line":6,"column":32},"end":{"line":6,"column":33}},"loc":{"start":{"line":6,"column":38},"end":{"line":6,"column":60}},"line":6},"3":{"name":"getInterviewersForDay","decl":{"start":{"line":9,"column":16},"end":{"line":9,"column":37}},"loc":{"start":{"line":9,"column":50},"end":{"line":15,"column":1}},"line":9},"4":{"name":"(anonymous_4)","decl":{"start":{"line":10,"column":32},"end":{"line":10,"column":33}},"loc":{"start":{"line":10,"column":37},"end":{"line":10,"column":51}},"line":10},"5":{"name":"(anonymous_5)","decl":{"start":{"line":14,"column":32},"end":{"line":14,"column":33}},"loc":{"start":{"line":14,"column":38},"end":{"line":14,"column":60}},"line":14},"6":{"name":"getInterview","decl":{"start":{"line":17,"column":16},"end":{"line":17,"column":28}},"loc":{"start":{"line":17,"column":47},"end":{"line":24,"column":1}},"line":17}},"branchMap":{"0":{"loc":{"start":{"line":4,"column":2},"end":{"line":4,"column":64}},"type":"if","locations":[{"start":{"line":4,"column":2},"end":{"line":4,"column":64}},{"start":{"line":4,"column":2},"end":{"line":4,"column":64}}],"line":4},"1":{"loc":{"start":{"line":4,"column":6},"end":{"line":4,"column":52}},"type":"binary-expr","locations":[{"start":{"line":4,"column":6},"end":{"line":4,"column":29}},{"start":{"line":4,"column":33},"end":{"line":4,"column":52}}],"line":4},"2":{"loc":{"start":{"line":12,"column":2},"end":{"line":12,"column":64}},"type":"if","locations":[{"start":{"line":12,"column":2},"end":{"line":12,"column":64}},{"start":{"line":12,"column":2},"end":{"line":12,"column":64}}],"line":12},"3":{"loc":{"start":{"line":12,"column":6},"end":{"line":12,"column":52}},"type":"binary-expr","locations":[{"start":{"line":12,"column":6},"end":{"line":12,"column":29}},{"start":{"line":12,"column":33},"end":{"line":12,"column":52}}],"line":12},"4":{"loc":{"start":{"line":19,"column":4},"end":{"line":22,"column":5}},"type":"binary-expr","locations":[{"start":{"line":19,"column":4},"end":{"line":19,"column":13}},{"start":{"line":19,"column":17},"end":{"line":22,"column":5}}],"line":19}},"s":{"0":20,"1":16,"2":20,"3":8,"4":12,"5":26,"6":20,"7":16,"8":20,"9":8,"10":12,"11":24,"12":20},"f":{"0":20,"1":16,"2":26,"3":20,"4":16,"5":24,"6":20},"b":{"0":[8,12],"1":[20,13],"2":[8,12],"3":[20,13],"4":[20,11]},"_coverageSchema":"43e27e138ebf9cfc5966b082cf9a028302ed4184","hash":"2835efcbb6149f51e4f9f0b7d1c8da1c74abf9ba"}
,"/home/labber/week8/scheduler/src/hooks/useApplicationData.js": {"path":"/home/labber/week8/scheduler/src/hooks/useApplicationData.js","statementMap":{"0":{"start":{"line":5,"column":28},"end":{"line":10,"column":4}},"1":{"start":{"line":12,"column":17},"end":{"line":12,"column":53}},"2":{"start":{"line":12,"column":26},"end":{"line":12,"column":53}},"3":{"start":{"line":14,"column":2},"end":{"line":27,"column":9}},"4":{"start":{"line":15,"column":4},"end":{"line":26,"column":7}},"5":{"start":{"line":20,"column":6},"end":{"line":25,"column":10}},"6":{"start":{"line":20,"column":26},"end":{"line":25,"column":7}},"7":{"start":{"line":29,"column":22},"end":{"line":39,"column":3}},"8":{"start":{"line":30,"column":21},"end":{"line":30,"column":74}},"9":{"start":{"line":30,"column":51},"end":{"line":30,"column":73}},"10":{"start":{"line":31,"column":17},"end":{"line":31,"column":27}},"11":{"start":{"line":32,"column":4},"end":{"line":34,"column":5}},"12":{"start":{"line":33,"column":6},"end":{"line":33,"column":32}},"13":{"start":{"line":35,"column":4},"end":{"line":37,"column":5}},"14":{"start":{"line":36,"column":6},"end":{"line":36,"column":32}},"15":{"start":{"line":38,"column":4},"end":{"line":38,"column":16}},"16":{"start":{"line":41,"column":31},"end":{"line":56,"column":3}},"17":{"start":{"line":42,"column":17},"end":{"line":42,"column":41}},"18":{"start":{"line":43,"column":24},"end":{"line":46,"column":5}},"19":{"start":{"line":47,"column":25},"end":{"line":50,"column":5}},"20":{"start":{"line":51,"column":4},"end":{"line":55,"column":7}},"21":{"start":{"line":58,"column":24},"end":{"line":66,"column":3}},"22":{"start":{"line":59,"column":4},"end":{"line":65,"column":9}},"23":{"start":{"line":62,"column":8},"end":{"line":64,"column":9}},"24":{"start":{"line":63,"column":10},"end":{"line":63,"column":59}},"25":{"start":{"line":68,"column":31},"end":{"line":78,"column":3}},"26":{"start":{"line":69,"column":17},"end":{"line":69,"column":47}},"27":{"start":{"line":70,"column":4},"end":{"line":77,"column":7}},"28":{"start":{"line":80,"column":26},"end":{"line":86,"column":3}},"29":{"start":{"line":81,"column":4},"end":{"line":85,"column":9}},"30":{"start":{"line":84,"column":8},"end":{"line":84,"column":57}},"31":{"start":{"line":84,"column":32},"end":{"line":84,"column":57}},"32":{"start":{"line":88,"column":2},"end":{"line":88,"column":59}}},"fnMap":{"0":{"name":"useApplicationData","decl":{"start":{"line":4,"column":24},"end":{"line":4,"column":42}},"loc":{"start":{"line":4,"column":45},"end":{"line":89,"column":1}},"line":4},"1":{"name":"(anonymous_1)","decl":{"start":{"line":12,"column":17},"end":{"line":12,"column":18}},"loc":{"start":{"line":12,"column":26},"end":{"line":12,"column":53}},"line":12},"2":{"name":"(anonymous_2)","decl":{"start":{"line":14,"column":12},"end":{"line":14,"column":13}},"loc":{"start":{"line":14,"column":18},"end":{"line":27,"column":3}},"line":14},"3":{"name":"(anonymous_3)","decl":{"start":{"line":19,"column":12},"end":{"line":19,"column":13}},"loc":{"start":{"line":19,"column":21},"end":{"line":26,"column":5}},"line":19},"4":{"name":"(anonymous_4)","decl":{"start":{"line":20,"column":15},"end":{"line":20,"column":16}},"loc":{"start":{"line":20,"column":26},"end":{"line":25,"column":7}},"line":20},"5":{"name":"(anonymous_5)","decl":{"start":{"line":29,"column":22},"end":{"line":29,"column":23}},"loc":{"start":{"line":29,"column":39},"end":{"line":39,"column":3}},"line":29},"6":{"name":"(anonymous_6)","decl":{"start":{"line":30,"column":42},"end":{"line":30,"column":43}},"loc":{"start":{"line":30,"column":51},"end":{"line":30,"column":73}},"line":30},"7":{"name":"(anonymous_7)","decl":{"start":{"line":41,"column":31},"end":{"line":41,"column":32}},"loc":{"start":{"line":41,"column":63},"end":{"line":56,"column":3}},"line":41},"8":{"name":"(anonymous_8)","decl":{"start":{"line":58,"column":24},"end":{"line":58,"column":25}},"loc":{"start":{"line":58,"column":56},"end":{"line":66,"column":3}},"line":58},"9":{"name":"(anonymous_9)","decl":{"start":{"line":61,"column":12},"end":{"line":61,"column":13}},"loc":{"start":{"line":61,"column":21},"end":{"line":65,"column":7}},"line":61},"10":{"name":"(anonymous_10)","decl":{"start":{"line":68,"column":31},"end":{"line":68,"column":32}},"loc":{"start":{"line":68,"column":39},"end":{"line":78,"column":3}},"line":68},"11":{"name":"(anonymous_11)","decl":{"start":{"line":80,"column":26},"end":{"line":80,"column":27}},"loc":{"start":{"line":80,"column":34},"end":{"line":86,"column":3}},"line":80},"12":{"name":"(anonymous_12)","decl":{"start":{"line":83,"column":12},"end":{"line":83,"column":13}},"loc":{"start":{"line":83,"column":21},"end":{"line":85,"column":7}},"line":83}},"branchMap":{"0":{"loc":{"start":{"line":32,"column":4},"end":{"line":34,"column":5}},"type":"if","locations":[{"start":{"line":32,"column":4},"end":{"line":34,"column":5}},{"start":{"line":32,"column":4},"end":{"line":34,"column":5}}],"line":32},"1":{"loc":{"start":{"line":35,"column":4},"end":{"line":37,"column":5}},"type":"if","locations":[{"start":{"line":35,"column":4},"end":{"line":37,"column":5}},{"start":{"line":35,"column":4},"end":{"line":37,"column":5}}],"line":35},"2":{"loc":{"start":{"line":62,"column":8},"end":{"line":64,"column":9}},"type":"if","locations":[{"start":{"line":62,"column":8},"end":{"line":64,"column":9}},{"start":{"line":62,"column":8},"end":{"line":64,"column":9}}],"line":62},"3":{"loc":{"start":{"line":84,"column":8},"end":{"line":84,"column":57}},"type":"if","locations":[{"start":{"line":84,"column":8},"end":{"line":84,"column":57}},{"start":{"line":84,"column":8},"end":{"line":84,"column":57}}],"line":84}},"s":{"0":15,"1":15,"2":1,"3":15,"4":6,"5":6,"6":6,"7":15,"8":2,"9":2,"10":2,"11":2,"12":1,"13":2,"14":0,"15":2,"16":15,"17":2,"18":2,"19":2,"20":2,"21":15,"22":3,"23":2,"24":2,"25":15,"26":0,"27":0,"28":15,"29":0,"30":0,"31":0,"32":15},"f":{"0":15,"1":1,"2":6,"3":6,"4":6,"5":2,"6":2,"7":2,"8":3,"9":2,"10":0,"11":0,"12":0},"b":{"0":[1,1],"1":[0,2],"2":[2,0],"3":[0,0]},"_coverageSchema":"43e27e138ebf9cfc5966b082cf9a028302ed4184","hash":"fd49f1e3a0f7e41cffd557a2b268d7f3359673bb"}
,"/home/labber/week8/scheduler/src/hooks/useVisualMode.js": {"path":"/home/labber/week8/scheduler/src/hooks/useVisualMode.js","statementMap":{"0":{"start":{"line":4,"column":26},"end":{"line":4,"column":43}},"1":{"start":{"line":5,"column":32},"end":{"line":5,"column":51}},"2":{"start":{"line":8,"column":4},"end":{"line":11,"column":5}},"3":{"start":{"line":9,"column":6},"end":{"line":9,"column":20}},"4":{"start":{"line":10,"column":6},"end":{"line":10,"column":51}},"5":{"start":{"line":10,"column":34},"end":{"line":10,"column":49}},"6":{"start":{"line":12,"column":4},"end":{"line":12,"column":25}},"7":{"start":{"line":15,"column":4},"end":{"line":17,"column":5}},"8":{"start":{"line":16,"column":6},"end":{"line":16,"column":30}},"9":{"start":{"line":18,"column":4},"end":{"line":18,"column":41}},"10":{"start":{"line":19,"column":4},"end":{"line":19,"column":37}},"11":{"start":{"line":22,"column":2},"end":{"line":22,"column":36}}},"fnMap":{"0":{"name":"useVisualMode","decl":{"start":{"line":3,"column":24},"end":{"line":3,"column":37}},"loc":{"start":{"line":3,"column":47},"end":{"line":23,"column":1}},"line":3},"1":{"name":"transition","decl":{"start":{"line":7,"column":11},"end":{"line":7,"column":21}},"loc":{"start":{"line":7,"column":45},"end":{"line":13,"column":3}},"line":7},"2":{"name":"(anonymous_2)","decl":{"start":{"line":10,"column":24},"end":{"line":10,"column":25}},"loc":{"start":{"line":10,"column":34},"end":{"line":10,"column":49}},"line":10},"3":{"name":"back","decl":{"start":{"line":14,"column":11},"end":{"line":14,"column":15}},"loc":{"start":{"line":14,"column":18},"end":{"line":20,"column":3}},"line":14}},"branchMap":{"0":{"loc":{"start":{"line":7,"column":28},"end":{"line":7,"column":43}},"type":"default-arg","locations":[{"start":{"line":7,"column":38},"end":{"line":7,"column":43}}],"line":7},"1":{"loc":{"start":{"line":8,"column":4},"end":{"line":11,"column":5}},"type":"if","locations":[{"start":{"line":8,"column":4},"end":{"line":11,"column":5}},{"start":{"line":8,"column":4},"end":{"line":11,"column":5}}],"line":8},"2":{"loc":{"start":{"line":15,"column":4},"end":{"line":17,"column":5}},"type":"if","locations":[{"start":{"line":15,"column":4},"end":{"line":17,"column":5}},{"start":{"line":15,"column":4},"end":{"line":17,"column":5}}],"line":15}},"s":{"0":61,"1":61,"2":18,"3":14,"4":14,"5":14,"6":4,"7":4,"8":1,"9":3,"10":3,"11":61},"f":{"0":61,"1":18,"2":14,"3":4},"b":{"0":[14],"1":[14,4],"2":[1,3]},"_coverageSchema":"43e27e138ebf9cfc5966b082cf9a028302ed4184","hash":"ca11fe2ccda37238e45aaaab1e57f675bba63361"}
,"/home/labber/week8/scheduler/src/reducers/application.js": {"path":"/home/labber/week8/scheduler/src/reducers/application.js","statementMap":{"0":{"start":{"line":1,"column":23},"end":{"line":1,"column":32}},"1":{"start":{"line":2,"column":36},"end":{"line":2,"column":58}},"2":{"start":{"line":3,"column":29},"end":{"line":3,"column":44}},"3":{"start":{"line":6,"column":2},"end":{"line":53,"column":3}},"4":{"start":{"line":8,"column":6},"end":{"line":8,"column":43}},"5":{"start":{"line":10,"column":6},"end":{"line":15,"column":8}},"6":{"start":{"line":17,"column":26},"end":{"line":20,"column":7}},"7":{"start":{"line":22,"column":27},"end":{"line":25,"column":7}},"8":{"start":{"line":27,"column":29},"end":{"line":32,"column":9}},"9":{"start":{"line":28,"column":8},"end":{"line":32,"column":9}},"10":{"start":{"line":30,"column":26},"end":{"line":30,"column":72}},"11":{"start":{"line":34,"column":19},"end":{"line":41,"column":8}},"12":{"start":{"line":35,"column":8},"end":{"line":40,"column":16}},"13":{"start":{"line":43,"column":6},"end":{"line":47,"column":8}},"14":{"start":{"line":50,"column":6},"end":{"line":52,"column":8}}},"fnMap":{"0":{"name":"reducer","decl":{"start":{"line":5,"column":24},"end":{"line":5,"column":31}},"loc":{"start":{"line":5,"column":47},"end":{"line":54,"column":1}},"line":5},"1":{"name":"(anonymous_1)","decl":{"start":{"line":27,"column":29},"end":{"line":27,"column":30}},"loc":{"start":{"line":28,"column":8},"end":{"line":32,"column":9}},"line":28},"2":{"name":"(anonymous_2)","decl":{"start":{"line":30,"column":10},"end":{"line":30,"column":11}},"loc":{"start":{"line":30,"column":26},"end":{"line":30,"column":72}},"line":30},"3":{"name":"(anonymous_3)","decl":{"start":{"line":34,"column":34},"end":{"line":34,"column":35}},"loc":{"start":{"line":34,"column":41},"end":{"line":41,"column":7}},"line":34}},"branchMap":{"0":{"loc":{"start":{"line":6,"column":2},"end":{"line":53,"column":3}},"type":"switch","locations":[{"start":{"line":7,"column":4},"end":{"line":8,"column":43}},{"start":{"line":9,"column":4},"end":{"line":15,"column":8}},{"start":{"line":16,"column":4},"end":{"line":48,"column":5}},{"start":{"line":49,"column":4},"end":{"line":52,"column":8}}],"line":6},"1":{"loc":{"start":{"line":19,"column":19},"end":{"line":19,"column":62}},"type":"binary-expr","locations":[{"start":{"line":19,"column":19},"end":{"line":19,"column":35}},{"start":{"line":19,"column":39},"end":{"line":19,"column":62}}],"line":19},"2":{"loc":{"start":{"line":30,"column":26},"end":{"line":30,"column":72}},"type":"cond-expr","locations":[{"start":{"line":30,"column":55},"end":{"line":30,"column":64}},{"start":{"line":30,"column":67},"end":{"line":30,"column":72}}],"line":30},"3":{"loc":{"start":{"line":35,"column":15},"end":{"line":40,"column":15}},"type":"cond-expr","locations":[{"start":{"line":36,"column":12},"end":{"line":39,"column":13}},{"start":{"line":40,"column":12},"end":{"line":40,"column":15}}],"line":35}},"s":{"0":1,"1":1,"2":1,"3":1,"4":0,"5":0,"6":0,"7":0,"8":0,"9":0,"10":0,"11":0,"12":0,"13":0,"14":1},"f":{"0":1,"1":0,"2":0,"3":0},"b":{"0":[0,0,0,1],"1":[0,0],"2":[0,0],"3":[0,0]},"_coverageSchema":"43e27e138ebf9cfc5966b082cf9a028302ed4184","hash":"443e1563caedc39d958de05f6990903376ed1c67"}
}
