TN:
SF:/home/labber/week8/scheduler/src/components/Application.js
FN:16,Application
FN:27,(anonymous_1)
FNF:2
FNH:2
FNDA:15,Application
FNDA:18,(anonymous_1)
DA:22,15
DA:24,15
DA:26,15
DA:28,18
DA:41,15
LF:5
LH:5
BRF:0
BRH:0
end_of_record
TN:
SF:/home/labber/week8/scheduler/src/components/Button.js
FN:7,Button
FNF:1
FNH:1
FNDA:48,Button
DA:8,48
DA:13,48
LF:2
LH:2
BRF:0
BRH:0
end_of_record
TN:
SF:/home/labber/week8/scheduler/src/components/DayList.js
FN:5,DayList
FN:6,(anonymous_1)
FNF:2
FNH:2
FNDA:15,DayList
FNDA:18,(anonymous_1)
DA:6,15
DA:7,18
DA:18,15
LF:3
LH:3
BRF:0
BRH:0
end_of_record
TN:
SF:/home/labber/week8/scheduler/src/components/DayListItem.js
FN:6,formatSpots
FN:13,DayListItem
FN:22,(anonymous_2)
FNF:3
FNH:3
FNDA:22,formatSpots
FNDA:22,DayListItem
FNDA:1,(anonymous_2)
DA:7,22
DA:8,15
DA:10,2
DA:14,22
DA:19,22
DA:22,1
LF:6
LH:6
BRDA:7,0,0,7
BRDA:7,0,1,15
BRDA:8,1,0,13
BRDA:8,1,1,2
BRF:4
BRH:4
end_of_record
TN:
SF:/home/labber/week8/scheduler/src/components/InterviewerList.js
FN:10,InterviewerList
FN:11,(anonymous_1)
FN:19,(anonymous_2)
FNF:3
FNH:3
FNDA:22,InterviewerList
FNDA:29,(anonymous_1)
FNDA:3,(anonymous_2)
DA:6,2
DA:11,22
DA:12,29
DA:19,3
DA:24,22
LF:5
LH:5
BRF:0
BRH:0
end_of_record
TN:
SF:/home/labber/week8/scheduler/src/components/InterviewerListItem.js
FN:6,InterviewerItem
FNF:1
FNH:1
FNDA:29,InterviewerItem
DA:7,29
DA:11,29
LF:2
LH:2
BRDA:18,0,0,29
BRDA:18,0,1,5
BRF:2
BRH:2
end_of_record
TN:
SF:/home/labber/week8/scheduler/src/components/Appointment/Confirm.js
FN:5,Confirm
FNF:1
FNH:1
FNDA:2,Confirm
DA:6,2
LF:1
LH:1
BRF:0
BRH:0
end_of_record
TN:
SF:/home/labber/week8/scheduler/src/components/Appointment/Empty.js
FN:4,Empty
FNF:1
FNH:1
FNDA:23,Empty
DA:5,23
LF:1
LH:1
BRF:0
BRH:0
end_of_record
TN:
SF:/home/labber/week8/scheduler/src/components/Appointment/Error.js
FN:4,Error
FNF:1
FNH:1
FNDA:1,Error
DA:5,1
LF:1
LH:1
BRF:0
BRH:0
end_of_record
TN:
SF:/home/labber/week8/scheduler/src/components/Appointment/Form.js
FN:6,Form
FN:11,reset
FN:17,cancel
FN:22,(anonymous_3)
FN:40,(anonymous_4)
FN:47,(anonymous_5)
FN:64,(anonymous_6)
FNF:7
FNH:6
FNDA:23,Form
FNDA:1,reset
FNDA:1,cancel
FNDA:9,(anonymous_3)
FNDA:0,(anonymous_4)
FNDA:4,(anonymous_5)
FNDA:9,(anonymous_6)
DA:7,23
DA:8,23
DA:9,23
DA:12,1
DA:13,1
DA:14,1
DA:18,1
DA:19,1
DA:22,23
DA:23,9
DA:24,3
DA:25,3
DA:28,6
DA:29,6
DA:33,23
DA:37,23
DA:40,0
DA:47,4
DA:64,9
LF:19
LH:18
BRDA:7,0,0,23
BRDA:7,0,1,17
BRDA:8,1,0,23
BRDA:8,1,1,19
BRDA:23,2,0,3
BRDA:23,2,1,6
BRDA:33,3,0,6
BRDA:33,3,1,17
BRDA:45,4,0,13
BRDA:45,4,1,10
BRF:10
BRH:10
end_of_record
TN:
SF:/home/labber/week8/scheduler/src/components/Appointment/Header.js
FN:4,Header
FNF:1
FNH:0
FNDA:0,Header
DA:5,0
LF:1
LH:0
BRF:0
BRH:0
end_of_record
TN:
SF:/home/labber/week8/scheduler/src/components/Appointment/Show.js
FN:4,Show
FNF:1
FNH:1
FNDA:12,Show
DA:5,12
LF:1
LH:1
BRDA:12,0,0,12
BRDA:12,0,1,12
BRF:2
BRH:2
end_of_record
TN:
SF:/home/labber/week8/scheduler/src/components/Appointment/Status.js
FN:4,Status
FNF:1
FNH:1
FNDA:7,Status
DA:5,7
LF:1
LH:1
BRF:0
BRH:0
end_of_record
TN:
SF:/home/labber/week8/scheduler/src/components/Appointment/index.js
FN:23,Appointment
FN:24,(anonymous_1)
FN:35,(anonymous_2)
FN:43,(anonymous_3)
FN:46,(anonymous_4)
FN:49,(anonymous_5)
FN:53,(anonymous_6)
FN:56,(anonymous_7)
FN:59,(anonymous_8)
FN:68,(anonymous_9)
FN:71,(anonymous_10)
FN:82,(anonymous_11)
FN:87,(anonymous_12)
FN:88,(anonymous_13)
FN:95,(anonymous_14)
FN:104,(anonymous_15)
FNF:16
FNH:9
FNDA:48,Appointment
FNDA:48,(anonymous_1)
FNDA:3,(anonymous_2)
FNDA:2,(anonymous_3)
FNDA:1,(anonymous_4)
FNDA:2,(anonymous_5)
FNDA:0,(anonymous_6)
FNDA:0,(anonymous_7)
FNDA:0,(anonymous_8)
FNDA:0,(anonymous_9)
FNDA:0,(anonymous_10)
FNDA:1,(anonymous_11)
FNDA:2,(anonymous_12)
FNDA:2,(anonymous_13)
FNDA:0,(anonymous_14)
FNDA:0,(anonymous_15)
DA:12,1
DA:13,1
DA:14,1
DA:15,1
DA:16,1
DA:17,1
DA:18,1
DA:19,1
DA:20,1
DA:24,48
DA:25,48
DA:26,48
DA:28,0
DA:31,48
DA:35,48
DA:36,3
DA:40,3
DA:41,3
DA:44,2
DA:46,1
DA:49,48
DA:50,2
DA:51,2
DA:54,0
DA:56,0
DA:59,48
DA:60,0
DA:64,48
DA:68,0
DA:71,0
DA:82,1
DA:87,2
DA:88,2
DA:95,0
DA:104,0
LF:35
LH:27
BRDA:25,0,0,48
BRDA:25,0,1,0
BRDA:32,1,0,23
BRDA:32,1,1,25
BRDA:67,2,0,48
BRDA:67,2,1,0
BRDA:70,3,0,48
BRDA:70,3,1,1
BRDA:73,4,0,48
BRDA:73,4,1,5
BRDA:74,5,0,48
BRDA:74,5,1,2
BRDA:75,6,0,48
BRDA:75,6,1,2
BRDA:82,7,0,48
BRDA:82,7,1,23
BRDA:83,8,0,48
BRDA:83,8,1,12
BRDA:91,9,0,48
BRDA:91,9,1,1
BRDA:99,10,0,48
BRDA:99,10,1,2
BRF:22
BRH:20
end_of_record
TN:
SF:/home/labber/week8/scheduler/src/helpers/selectors.js
FN:1,getAppointmentsForDay
FN:2,(anonymous_1)
FN:6,(anonymous_2)
FN:9,getInterviewersForDay
FN:10,(anonymous_4)
FN:14,(anonymous_5)
FN:17,getInterview
FNF:7
FNH:7
FNDA:20,getAppointmentsForDay
FNDA:16,(anonymous_1)
FNDA:26,(anonymous_2)
FNDA:20,getInterviewersForDay
FNDA:16,(anonymous_4)
FNDA:24,(anonymous_5)
FNDA:20,getInterview
DA:2,20
DA:4,20
DA:6,26
DA:10,20
DA:12,20
DA:14,24
DA:18,20
LF:7
LH:7
BRDA:4,0,0,8
BRDA:4,0,1,12
BRDA:4,1,0,20
BRDA:4,1,1,13
BRDA:12,2,0,8
BRDA:12,2,1,12
BRDA:12,3,0,20
BRDA:12,3,1,13
BRDA:19,4,0,20
BRDA:19,4,1,11
BRF:10
BRH:10
end_of_record
TN:
SF:/home/labber/week8/scheduler/src/hooks/useApplicationData.js
FN:4,useApplicationData
FN:12,(anonymous_1)
FN:14,(anonymous_2)
FN:19,(anonymous_3)
FN:20,(anonymous_4)
FN:29,(anonymous_5)
FN:30,(anonymous_6)
FN:41,(anonymous_7)
FN:58,(anonymous_8)
FN:61,(anonymous_9)
FN:68,(anonymous_10)
FN:80,(anonymous_11)
FN:83,(anonymous_12)
FNF:13
FNH:10
FNDA:15,useApplicationData
FNDA:1,(anonymous_1)
FNDA:6,(anonymous_2)
FNDA:6,(anonymous_3)
FNDA:6,(anonymous_4)
FNDA:2,(anonymous_5)
FNDA:2,(anonymous_6)
FNDA:2,(anonymous_7)
FNDA:3,(anonymous_8)
FNDA:2,(anonymous_9)
FNDA:0,(anonymous_10)
FNDA:0,(anonymous_11)
FNDA:0,(anonymous_12)
DA:5,15
DA:12,15
DA:14,15
DA:15,6
DA:20,6
DA:29,15
DA:30,2
DA:31,2
DA:32,2
DA:33,1
DA:35,2
DA:36,0
DA:38,2
DA:41,15
DA:42,2
DA:43,2
DA:47,2
DA:51,2
DA:58,15
DA:59,3
DA:62,2
DA:63,2
DA:68,15
DA:69,0
DA:70,0
DA:80,15
DA:81,0
DA:84,0
DA:88,15
LF:29
LH:24
BRDA:32,0,0,1
BRDA:32,0,1,1
BRDA:35,1,0,0
BRDA:35,1,1,2
BRDA:62,2,0,2
BRDA:62,2,1,0
BRDA:84,3,0,0
BRDA:84,3,1,0
BRF:8
BRH:4
end_of_record
TN:
SF:/home/labber/week8/scheduler/src/hooks/useVisualMode.js
FN:3,useVisualMode
FN:7,transition
FN:10,(anonymous_2)
FN:14,back
FNF:4
FNH:4
FNDA:61,useVisualMode
FNDA:18,transition
FNDA:14,(anonymous_2)
FNDA:4,back
DA:4,61
DA:5,61
DA:8,18
DA:9,14
DA:10,14
DA:12,4
DA:15,4
DA:16,1
DA:18,3
DA:19,3
DA:22,61
LF:11
LH:11
BRDA:7,0,0,14
BRDA:8,1,0,14
BRDA:8,1,1,4
BRDA:15,2,0,1
BRDA:15,2,1,3
BRF:5
BRH:5
end_of_record
TN:
SF:/home/labber/week8/scheduler/src/reducers/application.js
FN:5,reducer
FN:27,(anonymous_1)
FN:30,(anonymous_2)
FN:34,(anonymous_3)
FNF:4
FNH:1
FNDA:1,reducer
FNDA:0,(anonymous_1)
FNDA:0,(anonymous_2)
FNDA:0,(anonymous_3)
DA:1,1
DA:2,1
DA:3,1
DA:6,1
DA:8,0
DA:10,0
DA:17,0
DA:22,0
DA:27,0
DA:28,0
DA:30,0
DA:34,0
DA:35,0
DA:43,0
DA:50,1
LF:15
LH:5
BRDA:6,0,0,0
BRDA:6,0,1,0
BRDA:6,0,2,0
BRDA:6,0,3,1
BRDA:19,1,0,0
BRDA:19,1,1,0
BRDA:30,2,0,0
BRDA:30,2,1,0
BRDA:35,3,0,0
BRDA:35,3,1,0
BRF:10
BRH:1
end_of_record
